  main.cpp
D:\visual c\错位时空\错位时空\main.cpp(53,89): warning C4305: “参数”: 从“double”到“float”截断
D:\visual c\错位时空\错位时空\main.cpp(56,82): warning C4305: “参数”: 从“double”到“float”截断
D:\visual c\错位时空\错位时空\main.cpp(61,72): warning C4305: “参数”: 从“double”到“float”截断
D:\visual c\错位时空\错位时空\main.cpp(62,82): warning C4305: “参数”: 从“double”到“float”截断
D:\visual c\错位时空\错位时空\main.cpp(64,89): warning C4305: “参数”: 从“double”到“float”截断
D:\visual c\错位时空\错位时空\main.cpp(65,85): warning C4305: “参数”: 从“double”到“float”截断
D:\visual c\错位时空\错位时空\main.cpp(148,60): warning C4305: “参数”: 从“double”到“float”截断
D:\visual c\错位时空\错位时空\main.cpp(150,59): warning C4305: “参数”: 从“double”到“float”截断
D:\visual c\错位时空\错位时空\main.cpp(158,60): warning C4305: “参数”: 从“double”到“float”截断
D:\visual c\错位时空\错位时空\main.cpp(160,62): warning C4305: “参数”: 从“double”到“float”截断
D:\visual c\错位时空\错位时空\main.cpp(164,60): warning C4305: “参数”: 从“double”到“float”截断
D:\visual c\错位时空\错位时空\main.cpp(167,65): warning C4305: “参数”: 从“double”到“float”截断
D:\visual c\错位时空\错位时空\main.cpp(169,64): warning C4305: “参数”: 从“double”到“float”截断
D:\visual c\错位时空\错位时空\main.cpp(173,68): warning C4305: “参数”: 从“double”到“float”截断
D:\visual c\错位时空\错位时空\main.cpp(183,64): warning C4305: “参数”: 从“double”到“float”截断
D:\visual c\错位时空\错位时空\main.cpp(185,64): warning C4305: “参数”: 从“double”到“float”截断
D:\visual c\错位时空\错位时空\main.cpp(15,10): warning C4101: “char_choose”: 未引用的局部变量
D:\visual c\错位时空\错位时空\main.cpp(14,61): warning C4101: “dice”: 未引用的局部变量
D:\visual c\错位时空\错位时空\main.cpp(14,67): warning C4101: “di”: 未引用的局部变量
D:\visual c\错位时空\错位时空\main.cpp(14,9): warning C4101: “choose”: 未引用的局部变量
D:\visual c\错位时空\错位时空\main.cpp(14,33): warning C4101: “dici”: 未引用的局部变量
  正在生成代码
  1 of 509 functions ( 0.2%) were compiled, the rest were copied from previous compilation.
    0 functions were new in current compilation
    2 functions had inline decision re-evaluated but remain unchanged
  已完成代码的生成
  错位时空.vcxproj -> D:\visual c\错位时空\x64\Release\错位时空.exe
